{"/Users/char/Documents/sysunite/git/word-microservice/config/custom-environment-variables.coffee":{"path":"/Users/char/Documents/sysunite/git/word-microservice/config/custom-environment-variables.coffee","s":{"1":0},"b":{},"f":{},"fnMap":{},"statementMap":{"1":{"start":{"line":1,"column":0},"end":{"line":7,"column":26}}},"branchMap":{}},"/Users/char/Documents/sysunite/git/word-microservice/config/default.coffee":{"path":"/Users/char/Documents/sysunite/git/word-microservice/config/default.coffee","s":{"1":0},"b":{},"f":{},"fnMap":{},"statementMap":{"1":{"start":{"line":1,"column":0},"end":{"line":8,"column":18}}},"branchMap":{}},"/Users/char/Documents/sysunite/git/word-microservice/config/local.coffee":{"path":"/Users/char/Documents/sysunite/git/word-microservice/config/local.coffee","s":{"1":0},"b":{},"f":{},"fnMap":{},"statementMap":{"1":{"start":{"line":5,"column":0},"end":{"line":10,"column":19}}},"branchMap":{}},"/Users/char/Documents/sysunite/git/word-microservice/src/DocXTemplater.coffee":{"path":"/Users/char/Documents/sysunite/git/word-microservice/src/DocXTemplater.coffee","s":{"1":0,"2":0,"3":0,"4":0,"5":0,"6":0,"7":0,"8":0,"9":0,"10":0,"11":0,"12":0,"13":0,"14":0,"15":0,"16":0,"17":0,"18":0,"19":0,"20":0,"21":0,"22":0,"23":0,"24":0,"25":0,"26":0,"27":0,"28":0,"29":0,"30":0},"b":{"1":[0,0],"2":[0,0]},"f":{"1":0,"2":0,"3":0,"4":0,"5":0},"fnMap":{"1":{"name":"generateDocXFromTemplate","line":11,"loc":{"start":{"line":11,"column":2},"end":{"line":11,"column":54}}},"2":{"name":"(anonymous_1)","line":12,"loc":{"start":{"line":12,"column":16},"end":{"line":12,"column":35}}},"3":{"name":"(anonymous_2)","line":22,"loc":{"start":{"line":22,"column":33},"end":{"line":22,"column":40}}},"4":{"name":"cleanGeneratedDocX","line":40,"loc":{"start":{"line":40,"column":2},"end":{"line":40,"column":34}}},"5":{"name":"(anonymous_3)","line":41,"loc":{"start":{"line":41,"column":24},"end":{"line":41,"column":31}}}},"statementMap":{"1":{"start":{"line":1,"column":0},"end":{"line":1,"column":27}},"2":{"start":{"line":2,"column":0},"end":{"line":2,"column":23}},"3":{"start":{"line":3,"column":0},"end":{"line":3,"column":39}},"4":{"start":{"line":5,"column":0},"end":{"line":5,"column":17}},"5":{"start":{"line":6,"column":0},"end":{"line":6,"column":21}},"6":{"start":{"line":7,"column":0},"end":{"line":7,"column":32}},"7":{"start":{"line":8,"column":0},"end":{"line":8,"column":21}},"8":{"start":{"line":10,"column":0},"end":{"line":44,"column":4}},"9":{"start":{"line":12,"column":4},"end":{"line":37,"column":4}},"10":{"start":{"line":13,"column":6},"end":{"line":36,"column":24}},"11":{"start":{"line":14,"column":8},"end":{"line":14,"column":56}},"12":{"start":{"line":15,"column":8},"end":{"line":15,"column":31}},"13":{"start":{"line":16,"column":8},"end":{"line":16,"column":32}},"14":{"start":{"line":17,"column":8},"end":{"line":17,"column":23}},"15":{"start":{"line":18,"column":8},"end":{"line":18,"column":28}},"16":{"start":{"line":19,"column":8},"end":{"line":19,"column":19}},"17":{"start":{"line":20,"column":8},"end":{"line":20,"column":56}},"18":{"start":{"line":21,"column":8},"end":{"line":21,"column":72}},"19":{"start":{"line":22,"column":8},"end":{"line":27,"column":8}},"20":{"start":{"line":23,"column":10},"end":{"line":26,"column":19}},"21":{"start":{"line":24,"column":12},"end":{"line":24,"column":25}},"22":{"start":{"line":26,"column":12},"end":{"line":26,"column":19}},"23":{"start":{"line":29,"column":8},"end":{"line":34,"column":8}},"24":{"start":{"line":35,"column":8},"end":{"line":35,"column":30}},"25":{"start":{"line":36,"column":8},"end":{"line":36,"column":24}},"26":{"start":{"line":41,"column":4},"end":{"line":44,"column":4}},"27":{"start":{"line":42,"column":6},"end":{"line":43,"column":57}},"28":{"start":{"line":43,"column":8},"end":{"line":43,"column":57}},"29":{"start":{"line":43,"column":21},"end":{"line":43,"column":55}},"30":{"start":{"line":43,"column":47},"end":{"line":43,"column":54}}},"branchMap":{"1":{"line":23,"type":"if","locations":[{"start":{"line":23,"column":10},"end":{"line":23,"column":10}},{"start":{"line":23,"column":10},"end":{"line":23,"column":10}}]},"2":{"line":42,"type":"if","locations":[{"start":{"line":42,"column":6},"end":{"line":42,"column":6}},{"start":{"line":42,"column":6},"end":{"line":42,"column":6}}]}}},"/Users/char/Documents/sysunite/git/word-microservice/src/index.coffee":{"path":"/Users/char/Documents/sysunite/git/word-microservice/src/index.coffee","s":{"1":0,"2":0,"3":0,"4":0,"5":0,"6":0,"7":0,"8":0,"9":0,"10":0,"11":0,"12":0,"13":0,"14":0,"15":0,"16":0,"17":0,"18":0,"19":0,"20":0,"21":0,"22":0,"23":0,"24":0,"25":0,"26":0,"27":0,"28":0,"29":0,"30":0,"31":0,"32":0,"33":0,"34":0,"35":0,"36":0,"37":0,"38":0,"39":0,"40":0,"41":0,"42":0,"43":0,"44":0,"45":0,"46":0,"47":0,"48":0,"49":0,"50":0,"51":0,"52":0,"53":0,"54":0,"55":0,"56":0,"57":0,"58":0,"59":0,"60":0,"61":0,"62":0,"63":0,"64":0,"65":0,"66":0,"67":0,"68":0,"69":0,"70":0,"71":0,"72":0,"73":0,"74":0,"75":0},"b":{"1":[0,0],"2":[0,0],"3":[0,0],"4":[0,0],"5":[0,0],"6":[0,0]},"f":{"1":0,"2":0,"3":0,"4":0,"5":0,"6":0,"7":0,"8":0,"9":0,"10":0,"11":0,"12":0},"fnMap":{"1":{"name":"fileFilter","line":14,"loc":{"start":{"line":14,"column":34},"end":{"line":14,"column":63}}},"2":{"name":"(anonymous_1)","line":31,"loc":{"start":{"line":31,"column":13},"end":{"line":31,"column":31}}},"3":{"name":"(anonymous_2)","line":42,"loc":{"start":{"line":42,"column":18},"end":{"line":42,"column":30}}},"4":{"name":"(anonymous_3)","line":51,"loc":{"start":{"line":51,"column":53},"end":{"line":51,"column":71}}},"5":{"name":"(anonymous_4)","line":65,"loc":{"start":{"line":65,"column":25},"end":{"line":65,"column":37}}},"6":{"name":"(anonymous_5)","line":71,"loc":{"start":{"line":71,"column":22},"end":{"line":71,"column":29}}},"7":{"name":"(anonymous_6)","line":88,"loc":{"start":{"line":88,"column":25},"end":{"line":88,"column":37}}},"8":{"name":"(anonymous_7)","line":94,"loc":{"start":{"line":94,"column":22},"end":{"line":94,"column":29}}},"9":{"name":"(anonymous_8)","line":97,"loc":{"start":{"line":97,"column":16},"end":{"line":97,"column":32}}},"10":{"name":"(anonymous_9)","line":99,"loc":{"start":{"line":99,"column":38},"end":{"line":99,"column":51}}},"11":{"name":"(anonymous_10)","line":103,"loc":{"start":{"line":103,"column":18},"end":{"line":103,"column":25}}},"12":{"name":"(anonymous_11)","line":113,"loc":{"start":{"line":113,"column":17},"end":{"line":113,"column":18}}}},"statementMap":{"1":{"start":{"line":1,"column":0},"end":{"line":1,"column":27}},"2":{"start":{"line":2,"column":0},"end":{"line":2,"column":25}},"3":{"start":{"line":3,"column":0},"end":{"line":3,"column":32}},"4":{"start":{"line":4,"column":0},"end":{"line":4,"column":27}},"5":{"start":{"line":5,"column":0},"end":{"line":5,"column":34}},"6":{"start":{"line":6,"column":0},"end":{"line":6,"column":25}},"7":{"start":{"line":7,"column":0},"end":{"line":7,"column":21}},"8":{"start":{"line":8,"column":0},"end":{"line":8,"column":17}},"9":{"start":{"line":9,"column":0},"end":{"line":9,"column":34}},"10":{"start":{"line":10,"column":0},"end":{"line":10,"column":41}},"11":{"start":{"line":12,"column":0},"end":{"line":12,"column":31}},"12":{"start":{"line":14,"column":0},"end":{"line":23,"column":1}},"13":{"start":{"line":15,"column":2},"end":{"line":15,"column":46}},"14":{"start":{"line":16,"column":2},"end":{"line":21,"column":17}},"15":{"start":{"line":17,"column":4},"end":{"line":17,"column":61}},"16":{"start":{"line":18,"column":4},"end":{"line":18,"column":93}},"17":{"start":{"line":19,"column":4},"end":{"line":19,"column":18}},"18":{"start":{"line":21,"column":4},"end":{"line":21,"column":17}},"19":{"start":{"line":25,"column":0},"end":{"line":25,"column":14}},"20":{"start":{"line":31,"column":0},"end":{"line":36,"column":0}},"21":{"start":{"line":32,"column":2},"end":{"line":32,"column":47}},"22":{"start":{"line":33,"column":2},"end":{"line":33,"column":78}},"23":{"start":{"line":34,"column":2},"end":{"line":34,"column":59}},"24":{"start":{"line":35,"column":2},"end":{"line":35,"column":7}},"25":{"start":{"line":38,"column":0},"end":{"line":38,"column":25}},"26":{"start":{"line":40,"column":0},"end":{"line":40,"column":37}},"27":{"start":{"line":42,"column":0},"end":{"line":44,"column":0}},"28":{"start":{"line":43,"column":2},"end":{"line":43,"column":47}},"29":{"start":{"line":43,"column":13},"end":{"line":43,"column":45}},"30":{"start":{"line":43,"column":14},"end":{"line":43,"column":19}},"31":{"start":{"line":43,"column":31},"end":{"line":43,"column":36}},"32":{"start":{"line":51,"column":0},"end":{"line":59,"column":0}},"33":{"start":{"line":52,"column":2},"end":{"line":58,"column":30}},"34":{"start":{"line":53,"column":4},"end":{"line":53,"column":48}},"35":{"start":{"line":54,"column":4},"end":{"line":54,"column":44}},"36":{"start":{"line":55,"column":4},"end":{"line":55,"column":52}},"37":{"start":{"line":58,"column":4},"end":{"line":58,"column":30}},"38":{"start":{"line":65,"column":0},"end":{"line":81,"column":0}},"39":{"start":{"line":66,"column":2},"end":{"line":79,"column":42}},"40":{"start":{"line":67,"column":4},"end":{"line":67,"column":88}},"41":{"start":{"line":69,"column":4},"end":{"line":79,"column":42}},"42":{"start":{"line":70,"column":6},"end":{"line":70,"column":68}},"43":{"start":{"line":70,"column":34},"end":{"line":70,"column":66}},"44":{"start":{"line":70,"column":46},"end":{"line":70,"column":48}},"45":{"start":{"line":71,"column":6},"end":{"line":77,"column":6}},"46":{"start":{"line":72,"column":8},"end":{"line":76,"column":96}},"47":{"start":{"line":73,"column":10},"end":{"line":73,"column":85}},"48":{"start":{"line":74,"column":10},"end":{"line":74,"column":27}},"49":{"start":{"line":76,"column":10},"end":{"line":76,"column":96}},"50":{"start":{"line":76,"column":31},"end":{"line":76,"column":95}},"51":{"start":{"line":76,"column":59},"end":{"line":76,"column":61}},"52":{"start":{"line":79,"column":6},"end":{"line":79,"column":42}},"53":{"start":{"line":88,"column":0},"end":{"line":111,"column":0}},"54":{"start":{"line":89,"column":2},"end":{"line":110,"column":42}},"55":{"start":{"line":90,"column":4},"end":{"line":90,"column":107}},"56":{"start":{"line":92,"column":4},"end":{"line":110,"column":42}},"57":{"start":{"line":93,"column":6},"end":{"line":93,"column":68}},"58":{"start":{"line":93,"column":34},"end":{"line":93,"column":66}},"59":{"start":{"line":93,"column":46},"end":{"line":93,"column":48}},"60":{"start":{"line":94,"column":6},"end":{"line":108,"column":6}},"61":{"start":{"line":95,"column":8},"end":{"line":107,"column":96}},"62":{"start":{"line":96,"column":10},"end":{"line":105,"column":10}},"63":{"start":{"line":98,"column":12},"end":{"line":98,"column":87}},"64":{"start":{"line":99,"column":12},"end":{"line":102,"column":12}},"65":{"start":{"line":100,"column":14},"end":{"line":100,"column":27}},"66":{"start":{"line":101,"column":14},"end":{"line":101,"column":59}},"67":{"start":{"line":104,"column":12},"end":{"line":104,"column":48}},"68":{"start":{"line":107,"column":10},"end":{"line":107,"column":96}},"69":{"start":{"line":107,"column":31},"end":{"line":107,"column":95}},"70":{"start":{"line":107,"column":59},"end":{"line":107,"column":61}},"71":{"start":{"line":110,"column":6},"end":{"line":110,"column":42}},"72":{"start":{"line":113,"column":0},"end":{"line":115,"column":0}},"73":{"start":{"line":114,"column":2},"end":{"line":114,"column":54}},"74":{"start":{"line":114,"column":14},"end":{"line":114,"column":52}},"75":{"start":{"line":114,"column":48},"end":{"line":114,"column":51}}},"branchMap":{"1":{"line":16,"type":"if","locations":[{"start":{"line":16,"column":2},"end":{"line":16,"column":2}},{"start":{"line":16,"column":2},"end":{"line":16,"column":2}}]},"2":{"line":52,"type":"if","locations":[{"start":{"line":52,"column":2},"end":{"line":52,"column":2}},{"start":{"line":52,"column":2},"end":{"line":52,"column":2}}]},"3":{"line":66,"type":"if","locations":[{"start":{"line":66,"column":2},"end":{"line":66,"column":2}},{"start":{"line":66,"column":2},"end":{"line":66,"column":2}}]},"4":{"line":72,"type":"if","locations":[{"start":{"line":72,"column":8},"end":{"line":72,"column":8}},{"start":{"line":72,"column":8},"end":{"line":72,"column":8}}]},"5":{"line":89,"type":"if","locations":[{"start":{"line":89,"column":2},"end":{"line":89,"column":2}},{"start":{"line":89,"column":2},"end":{"line":89,"column":2}}]},"6":{"line":95,"type":"if","locations":[{"start":{"line":95,"column":8},"end":{"line":95,"column":8}},{"start":{"line":95,"column":8},"end":{"line":95,"column":8}}]}}},"/Users/char/Documents/sysunite/git/word-microservice/src/util/logger.coffee":{"path":"/Users/char/Documents/sysunite/git/word-microservice/src/util/logger.coffee","s":{"1":0,"2":0,"3":0,"4":0,"5":0,"6":0,"7":0,"8":0,"9":0,"10":0,"11":0,"12":0,"13":0,"14":0,"15":0,"16":0,"17":0,"18":0,"19":0,"20":0,"21":0,"22":0,"23":0,"24":0,"25":0,"26":0,"27":0,"28":0,"29":0,"30":0,"31":0,"32":0,"33":0,"34":0,"35":0,"36":0,"37":0,"38":0,"39":0,"40":0,"41":0,"42":0},"b":{"1":[0,0],"2":[0,0],"3":[0,0],"4":[0,0],"5":[0,0],"6":[0,0]},"f":{"1":0,"2":0},"fnMap":{"1":{"name":"timestamp","line":7,"loc":{"start":{"line":7,"column":0},"end":{"line":7,"column":13}}},"2":{"name":"formatter","line":11,"loc":{"start":{"line":11,"column":0},"end":{"line":11,"column":23}}}},"statementMap":{"1":{"start":{"line":1,"column":0},"end":{"line":1,"column":16}},"2":{"start":{"line":2,"column":0},"end":{"line":2,"column":27}},"3":{"start":{"line":3,"column":0},"end":{"line":3,"column":26}},"4":{"start":{"line":4,"column":0},"end":{"line":4,"column":26}},"5":{"start":{"line":7,"column":0},"end":{"line":8,"column":39}},"6":{"start":{"line":8,"column":2},"end":{"line":8,"column":39}},"7":{"start":{"line":11,"column":0},"end":{"line":32,"column":6}},"8":{"start":{"line":12,"column":2},"end":{"line":12,"column":30}},"9":{"start":{"line":13,"column":2},"end":{"line":13,"column":38}},"10":{"start":{"line":14,"column":2},"end":{"line":14,"column":59}},"11":{"start":{"line":14,"column":37},"end":{"line":14,"column":43}},"12":{"start":{"line":14,"column":58},"end":{"line":14,"column":59}},"13":{"start":{"line":15,"column":2},"end":{"line":15,"column":120}},"14":{"start":{"line":15,"column":75},"end":{"line":15,"column":112}},"15":{"start":{"line":15,"column":76},"end":{"line":15,"column":111}},"16":{"start":{"line":15,"column":119},"end":{"line":15,"column":120}},"17":{"start":{"line":16,"column":2},"end":{"line":16,"column":54}},"18":{"start":{"line":16,"column":14},"end":{"line":16,"column":53}},"19":{"start":{"line":16,"column":15},"end":{"line":16,"column":18}},"20":{"start":{"line":16,"column":25},"end":{"line":16,"column":29}},"21":{"start":{"line":16,"column":36},"end":{"line":16,"column":42}},"22":{"start":{"line":16,"column":47},"end":{"line":16,"column":52}},"23":{"start":{"line":19,"column":2},"end":{"line":19,"column":38}},"24":{"start":{"line":19,"column":2},"end":{"line":19,"column":18}},"25":{"start":{"line":20,"column":2},"end":{"line":20,"column":6}},"26":{"start":{"line":23,"column":2},"end":{"line":23,"column":39}},"27":{"start":{"line":23,"column":2},"end":{"line":23,"column":19}},"28":{"start":{"line":24,"column":2},"end":{"line":24,"column":6}},"29":{"start":{"line":27,"column":2},"end":{"line":27,"column":40}},"30":{"start":{"line":27,"column":2},"end":{"line":27,"column":21}},"31":{"start":{"line":28,"column":2},"end":{"line":28,"column":6}},"32":{"start":{"line":31,"column":2},"end":{"line":31,"column":39}},"33":{"start":{"line":31,"column":2},"end":{"line":31,"column":20}},"34":{"start":{"line":32,"column":2},"end":{"line":32,"column":6}},"35":{"start":{"line":35,"column":0},"end":{"line":35,"column":38}},"36":{"start":{"line":36,"column":0},"end":{"line":36,"column":49}},"37":{"start":{"line":39,"column":0},"end":{"line":39,"column":22}},"38":{"start":{"line":40,"column":0},"end":{"line":40,"column":32}},"39":{"start":{"line":43,"column":0},"end":{"line":43,"column":48}},"40":{"start":{"line":43,"column":15},"end":{"line":43,"column":47}},"41":{"start":{"line":43,"column":18},"end":{"line":43,"column":46}},"42":{"start":{"line":45,"column":0},"end":{"line":45,"column":22}}},"branchMap":{"1":{"line":14,"type":"if","locations":[{"start":{"line":14,"column":12},"end":{"line":14,"column":12}},{"start":{"line":14,"column":12},"end":{"line":14,"column":12}}]},"2":{"line":15,"type":"if","locations":[{"start":{"line":15,"column":12},"end":{"line":15,"column":12}},{"start":{"line":15,"column":12},"end":{"line":15,"column":12}}]},"3":{"line":19,"type":"if","locations":[{"start":{"line":19,"column":2},"end":{"line":19,"column":2}},{"start":{"line":19,"column":2},"end":{"line":19,"column":2}}]},"4":{"line":23,"type":"if","locations":[{"start":{"line":23,"column":2},"end":{"line":23,"column":2}},{"start":{"line":23,"column":2},"end":{"line":23,"column":2}}]},"5":{"line":27,"type":"if","locations":[{"start":{"line":27,"column":2},"end":{"line":27,"column":2}},{"start":{"line":27,"column":2},"end":{"line":27,"column":2}}]},"6":{"line":31,"type":"if","locations":[{"start":{"line":31,"column":2},"end":{"line":31,"column":2}},{"start":{"line":31,"column":2},"end":{"line":31,"column":2}}]}}}}